<?xml version="1.0" encoding="UTF-8"?>
<!-- Generated by org.testng.reporters.JUnitReportReporter -->
<testsuite hostname="DESKTOP-K253P9F" failures="0" tests="7" name="testScenarios.testcases" time="16.436" errors="0" timestamp="2023-10-11T18:33:09 NPT" skipped="1">
  <testcase classname="testScenarios.testcases" name="allemptyregister" time="3.231"/>
  <testcase classname="testScenarios.testcases" name="someemptyregister" time="1.810"/>
  <testcase classname="testScenarios.testcases" name="login" time="2.304"/>
  <testcase classname="testScenarios.testcases" name="opennewAccount" time="2.059"/>
  <testcase classname="testScenarios.testcases" name="transferFunds" time="5.464"/>
  <testcase classname="testScenarios.testcases" name="accountOverviews" time="1.568"/>
  <testcase classname="testScenarios.testcases" name="registervalid">
    <skipped/>
  </testcase> <!-- registervalid -->
</testsuite> <!-- testScenarios.testcases -->
